  part2.cpp
c:\users\___\documents\projetoprogmmxvii-i\consoleapplication4\part2\part2.cpp(59): warning C4018: '<': signed/unsigned mismatch
c:\users\___\documents\projetoprogmmxvii-i\consoleapplication4\part2\part2.cpp(63): warning C4018: '<': signed/unsigned mismatch
c:\users\___\documents\projetoprogmmxvii-i\consoleapplication4\part2\part2.cpp(80): warning C4244: 'argument': conversion from 'time_t' to 'unsigned int', possible loss of data
c:\users\___\documents\projetoprogmmxvii-i\consoleapplication4\part2\part2.cpp(92): warning C4018: '<': signed/unsigned mismatch
c:\users\___\documents\projetoprogmmxvii-i\consoleapplication4\part2\part2.cpp(112): warning C4018: '<': signed/unsigned mismatch
c:\users\___\documents\projetoprogmmxvii-i\consoleapplication4\part2\part2.cpp(117): warning C4018: '<': signed/unsigned mismatch
c:\users\___\documents\projetoprogmmxvii-i\consoleapplication4\part2\part2.cpp(120): warning C4018: '<=': signed/unsigned mismatch
c:\users\___\documents\projetoprogmmxvii-i\consoleapplication4\part2\part2.cpp(124): warning C4018: '<': signed/unsigned mismatch
c:\users\___\documents\projetoprogmmxvii-i\consoleapplication4\part2\part2.cpp(148): warning C4018: '<': signed/unsigned mismatch
c:\users\___\documents\projetoprogmmxvii-i\consoleapplication4\part2\part2.cpp(164): warning C4018: '<': signed/unsigned mismatch
c:\users\___\documents\projetoprogmmxvii-i\consoleapplication4\part2\part2.cpp(165): warning C4018: '<': signed/unsigned mismatch
c:\users\___\documents\projetoprogmmxvii-i\consoleapplication4\part2\part2.cpp(177): warning C4018: '<': signed/unsigned mismatch
c:\users\___\documents\projetoprogmmxvii-i\consoleapplication4\part2\part2.cpp(184): warning C4018: '<': signed/unsigned mismatch
c:\users\___\documents\projetoprogmmxvii-i\consoleapplication4\part2\part2.cpp(188): warning C4018: '<': signed/unsigned mismatch
c:\users\___\documents\projetoprogmmxvii-i\consoleapplication4\part2\part2.cpp(199): warning C4018: '<': signed/unsigned mismatch
c:\users\___\documents\projetoprogmmxvii-i\consoleapplication4\part2\part2.cpp(200): warning C4018: '<': signed/unsigned mismatch
c:\users\___\documents\projetoprogmmxvii-i\consoleapplication4\part2\part2.cpp(205): warning C4244: 'argument': conversion from 'time_t' to 'unsigned int', possible loss of data
c:\users\___\documents\projetoprogmmxvii-i\consoleapplication4\part2\part2.cpp(213): warning C4244: 'argument': conversion from 'time_t' to 'unsigned int', possible loss of data
c:\users\___\documents\projetoprogmmxvii-i\consoleapplication4\part2\part2.cpp(224): warning C4018: '<': signed/unsigned mismatch
c:\users\___\documents\projetoprogmmxvii-i\consoleapplication4\part2\part2.cpp(228): warning C4018: '<': signed/unsigned mismatch
  part2.vcxproj -> C:\Users\___\Documents\ProjetoProgMMXVII-I\ConsoleApplication4\Debug\part2.exe
